[2023-03-04 06:57:51] [WARNING]: 恢复会话失败: exchange_emp failed: 16 , 尝试使用正常流程登录. 
[2023-03-04 06:57:52] [WARNING]: 登录需要滑条验证码, 请选择验证方式:  
[2023-03-04 06:57:52] [WARNING]: 1. 使用浏览器抓取滑条并登录 
[2023-03-04 06:57:52] [WARNING]: 2. 使用手机QQ扫码验证 (需要手Q和gocq在同一网络下). 
[2023-03-04 06:57:52] [WARNING]: 请输入(1 - 2)： 
[2023-03-04 06:57:52] [WARNING]: 未检测到输入终端，自动选择1. 
[2023-03-04 06:57:52] [WARNING]: 请前往该地址验证 -> https://captcha.go-cqhttp.org/captcha?id=vaPLg7z1&style=simple&aid=16&uin=2896529248&sid=6481262366108580719&cap_cd=7fD1zrF1iU_mh8ZQH7hMyvcy_hFgv7_X-y-cNrBmILGAS11i-wuOHQ**&clientype=1&apptype=2 <- 或输入手动抓取的 ticket：（Enter 提交） 
[2023-03-04 08:54:36] [WARNING]: 账号密码未配置, 将使用二维码登录. 
[2023-03-04 08:54:52] [WARNING]: Protocol -> device lock is disable. http api may fail. 
[2023-03-04 14:26:25] [FATAL]: open cache video db failed: database entry point either missing or corrupted 
[2023-03-04 14:26:29] [WARNING]: Protocol -> device lock is disable. http api may fail. 
[2023-03-04 14:27:18] [WARNING]: Protocol -> device lock is disable. http api may fail. 
[2023-03-04 14:27:59] [WARNING]: Protocol -> device lock is disable. http api may fail. 
[2023-03-04 14:28:02] [WARNING]: 连接到反向WebSocket Universal服务器 ws://127.0.0.1:18080/onebot/v11/ws 时出现错误: dial tcp 127.0.0.1:18080: connect: connection refused 
[2023-03-04 14:33:37] [WARNING]: Protocol -> device lock is disable. http api may fail. 
[2023-03-04 14:35:58] [WARNING]: Protocol -> device lock is disable. http api may fail. 
[2023-03-04 14:58:18] [WARNING]: 合并转发(群)消息发送失败: 账号可能被风控. 
[2023-03-04 18:09:07] [WARNING]: Protocol -> device lock is disable. http api may fail. 
[2023-03-04 18:24:52] [WARNING]: Protocol -> device lock is disable. http api may fail. 
[2023-03-04 18:30:57] [WARNING]: Protocol -> device lock is disable. http api may fail. 
[2023-03-04 18:32:46] [WARNING]: Protocol -> device lock is disable. http api may fail. 
[2023-03-04 18:53:12] [WARNING]: Protocol -> device lock is disable. http api may fail. 
[2023-03-04 18:59:17] [WARNING]: Protocol -> device lock is disable. http api may fail. 
[2023-03-04 19:09:10] [WARNING]: Protocol -> device lock is disable. http api may fail. 
[2023-03-04 19:15:19] [WARNING]: Protocol -> device lock is disable. http api may fail. 
[2023-03-04 19:34:56] [WARNING]: 警告: 合并转发 1506911471 图片上传失败: upload failed: upload failed: 83 
[2023-03-04 19:57:42] [WARNING]: 警告: 合并转发 1506911471 图片上传失败: upload failed: upload failed: 83 
[2023-03-04 23:48:14] [WARNING]: 群消息发送失败: 账号可能被风控. 
[2023-03-04 23:49:02] [WARNING]: 合并转发(群)消息发送失败: 账号可能被风控. 
[2023-03-04 23:49:24] [WARNING]: 合并转发(群)消息发送失败: 账号可能被风控. 
[2023-03-04 23:49:51] [WARNING]: 合并转发(群)消息发送失败: 账号可能被风控. 
[2023-03-04 23:50:11] [WARNING]: 群消息发送失败: 账号可能被风控. 
